Using pre-set license
Built from '2020.3/staging' branch; Version is '2020.3.21f1 (a38c86f6690f) revision 10718342'; Using compiler version '192528614'; Build Type 'Release'
OS: 'Windows 10 Home Single Language; OS build 22000.434; Version 2009; 64bit' Language: 'tr' Physical Memory: 7549 MB
BatchMode: 1, IsHumanControllingUs: 0, StartBugReporterOnCrash: 0, Is64bit: 1, IsPro: 0

COMMAND LINE ARGUMENTS:
C:\Program Files\Unity\Hub\Editor\2020.3.21f1\Editor\Unity.exe
-adb2
-batchMode
-noUpm
-name
AssetImportWorker0
-projectPath
C:/UnityP/Projeler/TuğlaKırmaOyunu/TuglaKirmaOyunu/Tugla Kirma
-logFile
Logs/AssetImportWorker0.log
-srvPort
54369
Successfully changed project path to: C:/UnityP/Projeler/TuğlaKırmaOyunu/TuglaKirmaOyunu/Tugla Kirma
C:/UnityP/Projeler/TuğlaKırmaOyunu/TuglaKirmaOyunu/Tugla Kirma
Using Asset Import Pipeline V2.
Refreshing native plugins compatible for Editor in 45.41 ms, found 3 plugins.
Preloading 0 native plugins for Editor in 0.00 ms.
Initialize engine version: 2020.3.21f1 (a38c86f6690f)
[Subsystems] Discovering subsystems at path C:/Program Files/Unity/Hub/Editor/2020.3.21f1/Editor/Data/Resources/UnitySubsystems
[Subsystems] Discovering subsystems at path C:/UnityP/Projeler/TuğlaKırmaOyunu/TuglaKirmaOyunu/Tugla Kirma/Assets
GfxDevice: creating device client; threaded=0
Direct3D:
    Version:  Direct3D 11.0 [level 11.1]
    Renderer: NVIDIA GeForce GTX 1650 Ti (ID=0x1f95)
    Vendor:   
    VRAM:     3962 MB
    Driver:   30.0.14.9676
Initialize mono
Mono path[0] = 'C:/Program Files/Unity/Hub/Editor/2020.3.21f1/Editor/Data/Managed'
Mono path[1] = 'C:/Program Files/Unity/Hub/Editor/2020.3.21f1/Editor/Data/MonoBleedingEdge/lib/mono/unityjit'
Mono config path = 'C:/Program Files/Unity/Hub/Editor/2020.3.21f1/Editor/Data/MonoBleedingEdge/etc'
Using monoOptions --debugger-agent=transport=dt_socket,embedding=1,server=y,suspend=n,address=127.0.0.1:56792
Begin MonoManager ReloadAssembly
Registering precompiled unity dll's ...
Register platform support module: C:/Program Files/Unity/Hub/Editor/2020.3.21f1/Editor/Data/PlaybackEngines/WebGLSupport/UnityEditor.WebGL.Extensions.dll
Register platform support module: C:/Program Files/Unity/Hub/Editor/2020.3.21f1/Editor/Data/PlaybackEngines/MacStandaloneSupport/UnityEditor.OSXStandalone.Extensions.dll
Register platform support module: C:/Program Files/Unity/Hub/Editor/2020.3.21f1/Editor/Data/PlaybackEngines/WindowsStandaloneSupport/UnityEditor.WindowsStandalone.Extensions.dll
Registered in 0.001772 seconds.
Native extension for WindowsStandalone target not found
Native extension for OSXStandalone target not found
Native extension for WebGL target not found
Refreshing native plugins compatible for Editor in 44.79 ms, found 3 plugins.
Preloading 0 native plugins for Editor in 0.00 ms.
Mono: successfully reloaded assembly
- Completed reload, in  2.214 seconds
Domain Reload Profiling:
	ReloadAssembly (2215ms)
		BeginReloadAssembly (50ms)
			ExecutionOrderSort (0ms)
			DisableScriptedObjects (0ms)
			BackupInstance (0ms)
			ReleaseScriptingObjects (0ms)
			CreateAndSetChildDomain (1ms)
		EndReloadAssembly (457ms)
			LoadAssemblies (48ms)
			RebuildTransferFunctionScriptingTraits (0ms)
			SetupTypeCache (144ms)
			ReleaseScriptCaches (0ms)
			RebuildScriptCaches (42ms)
			SetupLoadedEditorAssemblies (178ms)
				LogAssemblyErrors (0ms)
				InitializePlatformSupportModulesInManaged (7ms)
				SetLoadedEditorAssemblies (0ms)
				RefreshPlugins (45ms)
				BeforeProcessingInitializeOnLoad (17ms)
				ProcessInitializeOnLoadAttributes (82ms)
				ProcessInitializeOnLoadMethodAttributes (27ms)
				AfterProcessingInitializeOnLoad (0ms)
				EditorAssembliesLoaded (0ms)
			ExecutionOrderSort2 (0ms)
			AwakeInstancesAfterBackupRestoration (0ms)
Platform modules already initialized, skipping
Registering precompiled user dll's ...
Registered in 0.003933 seconds.
Begin MonoManager ReloadAssembly
Native extension for WindowsStandalone target not found
Native extension for OSXStandalone target not found
Native extension for WebGL target not found
Refreshing native plugins compatible for Editor in 43.11 ms, found 3 plugins.
Preloading 0 native plugins for Editor in 0.00 ms.
Mono: successfully reloaded assembly
- Completed reload, in  1.158 seconds
Domain Reload Profiling:
	ReloadAssembly (1159ms)
		BeginReloadAssembly (138ms)
			ExecutionOrderSort (0ms)
			DisableScriptedObjects (5ms)
			BackupInstance (0ms)
			ReleaseScriptingObjects (0ms)
			CreateAndSetChildDomain (20ms)
		EndReloadAssembly (956ms)
			LoadAssemblies (85ms)
			RebuildTransferFunctionScriptingTraits (0ms)
			SetupTypeCache (291ms)
			ReleaseScriptCaches (1ms)
			RebuildScriptCaches (61ms)
			SetupLoadedEditorAssemblies (385ms)
				LogAssemblyErrors (0ms)
				InitializePlatformSupportModulesInManaged (6ms)
				SetLoadedEditorAssemblies (0ms)
				RefreshPlugins (43ms)
				BeforeProcessingInitializeOnLoad (92ms)
				ProcessInitializeOnLoadAttributes (222ms)
				ProcessInitializeOnLoadMethodAttributes (17ms)
				AfterProcessingInitializeOnLoad (4ms)
				EditorAssembliesLoaded (0ms)
			ExecutionOrderSort2 (0ms)
			AwakeInstancesAfterBackupRestoration (6ms)
Platform modules already initialized, skipping
========================================================================
Worker process is ready to serve import requests
Launched and connected shader compiler UnityShaderCompiler.exe after 0.07 seconds
Refreshing native plugins compatible for Editor in 0.89 ms, found 3 plugins.
Preloading 0 native plugins for Editor in 0.00 ms.
Unloading 2184 Unused Serialized files (Serialized files now loaded: 0)
System memory in use before: 95.5 MB.
System memory in use after: 95.6 MB.

Unloading 28 unused Assets to reduce memory usage. Loaded Objects now: 2618.
Total: 4.114800 ms (FindLiveObjects: 0.360100 ms CreateObjectMapping: 0.100100 ms MarkObjects: 3.558900 ms  DeleteObjects: 0.093200 ms)

AssetImportParameters requested are different than current active one (requested -> active):
  custom:framework-win-MediaFoundation: 216162199b28c13a410421893ffa2e32 -> 
  custom:video-decoder-ogg-theora: a1e56fd34408186e4bbccfd4996cb3dc -> 
  custom:container-muxer-webm: aa71ff27fc2769a1b78a27578f13a17b -> 
  custom:container-demuxer-webm: 4f35f7cbe854078d1ac9338744f61a02 -> 
  custom:container-demuxer-ogg: 62fdf1f143b41e24485cea50d1cbac27 -> 
  custom:video-encoder-webm-vp8: eb34c28f22e8b96e1ab97ce403110664 -> 
  custom:video-decoder-webm-vp8: 9c59270c3fd7afecdb556c50c9e8de78 -> 
  custom:audio-decoder-ogg-vorbis: bf7c407c2cedff20999df2af8eb42d56 -> 
  custom:audio-encoder-webm-vorbis: bf7c407c2cedff20999df2af8eb42d56 -> 
========================================================================
Received Import Request.
  path: Assets/Sahneler/Giris1.unity
  artifactKey: Guid(97a86e6ddd5455943bba032a8a3d395f) Importer(815301076,1909f56bfc062723c751e8b465ee728b)
Start importing Assets/Sahneler/Giris1.unity using Guid(97a86e6ddd5455943bba032a8a3d395f) Importer(815301076,1909f56bfc062723c751e8b465ee728b)  -> (artifact id: '60dd36869b18c2996c00b4a62b3666b7') in 0.021774 seconds 
  Import took 0.026021 seconds .

========================================================================
Received Import Request.
  Time since last request: 0.000240 seconds.
  path: Assets/images/back.png
  artifactKey: Guid(7537e5664388dc849ae50cb4079e476a) Importer(815301076,1909f56bfc062723c751e8b465ee728b)
Start importing Assets/images/back.png using Guid(7537e5664388dc849ae50cb4079e476a) Importer(815301076,1909f56bfc062723c751e8b465ee728b)  -> (artifact id: '57e313e9ee70cfe12ba5522ac99cb50f') in 0.159869 seconds 
  Import took 0.163961 seconds .

========================================================================
Received Import Request.
  Time since last request: 5.933921 seconds.
  path: Assets/Scenes/SampleScene.unity
  artifactKey: Guid(2cda990e2423bbf4892e6590ba056729) Importer(815301076,1909f56bfc062723c751e8b465ee728b)
Start importing Assets/Scenes/SampleScene.unity using Guid(2cda990e2423bbf4892e6590ba056729) Importer(815301076,1909f56bfc062723c751e8b465ee728b)  -> (artifact id: 'd7ee4921ca69f866b00a785c37b43416') in 0.004181 seconds 
  Import took 0.009814 seconds .

========================================================================
Received Import Request.
  Time since last request: 17.898067 seconds.
  path: Assets/Sahneler
  artifactKey: Guid(3225340547058544a95118d76951e173) Importer(815301076,1909f56bfc062723c751e8b465ee728b)
Start importing Assets/Sahneler using Guid(3225340547058544a95118d76951e173) Importer(815301076,1909f56bfc062723c751e8b465ee728b)  -> (artifact id: '87b2d3780dbabcc7e14d3559941315f9') in 0.011160 seconds 
  Import took 0.016090 seconds .

========================================================================
Received Import Request.
  Time since last request: 9.477257 seconds.
  path: Assets/Sahneler/Oyun.unity
  artifactKey: Guid(14e2eaf339b0f0e4a84471405932851b) Importer(815301076,1909f56bfc062723c751e8b465ee728b)
Start importing Assets/Sahneler/Oyun.unity using Guid(14e2eaf339b0f0e4a84471405932851b) Importer(815301076,1909f56bfc062723c751e8b465ee728b)  -> (artifact id: '8242bc9044466b575ca125a6245a16ae') in 0.009765 seconds 
  Import took 0.014367 seconds .

========================================================================
Received Import Request.
  Time since last request: 248.784087 seconds.
  path: Assets/Imajlar/arkaplan2.jpg
  artifactKey: Guid(384d456f39c68194f931d6723da49574) Importer(815301076,1909f56bfc062723c751e8b465ee728b)
Start importing Assets/Imajlar/arkaplan2.jpg using Guid(384d456f39c68194f931d6723da49574) Importer(815301076,1909f56bfc062723c751e8b465ee728b)  -> (artifact id: 'bcb1a281a3eb10ff3e0a376caa084fcd') in 0.039627 seconds 
  Import took 0.046543 seconds .

========================================================================
Received Import Request.
  Time since last request: 0.000469 seconds.
  path: Assets/Imajlar/arkaplan3.jpg
  artifactKey: Guid(0af961b9806e15d46ad96dc166640ba8) Importer(815301076,1909f56bfc062723c751e8b465ee728b)
Start importing Assets/Imajlar/arkaplan3.jpg using Guid(0af961b9806e15d46ad96dc166640ba8) Importer(815301076,1909f56bfc062723c751e8b465ee728b)  -> (artifact id: '93e8cfc3c674231485ec126e9b8a93a8') in 0.027649 seconds 
  Import took 0.032652 seconds .

========================================================================
Received Import Request.
  Time since last request: 0.000322 seconds.
  path: Assets/Imajlar/flame.jpg
  artifactKey: Guid(f9977437ed6a56d49ba47d601c946683) Importer(815301076,1909f56bfc062723c751e8b465ee728b)
Start importing Assets/Imajlar/flame.jpg using Guid(f9977437ed6a56d49ba47d601c946683) Importer(815301076,1909f56bfc062723c751e8b465ee728b)  -> (artifact id: '66b9c0ccb3194f36c2e5619afb01b522') in 0.028086 seconds 
  Import took 0.032385 seconds .

========================================================================
Received Import Request.
  Time since last request: 0.000207 seconds.
  path: Assets/Imajlar/tugla.psd
  artifactKey: Guid(4b8816abf4ec6f74aae0377692972087) Importer(815301076,1909f56bfc062723c751e8b465ee728b)
Start importing Assets/Imajlar/tugla.psd using Guid(4b8816abf4ec6f74aae0377692972087) Importer(815301076,1909f56bfc062723c751e8b465ee728b)  -> (artifact id: 'ddeaacc029e8d8233ce788b169d99085') in 0.043889 seconds 
  Import took 0.047716 seconds .

========================================================================
Received Import Request.
  Time since last request: 0.000283 seconds.
  path: Assets/Imajlar/top.png
  artifactKey: Guid(571a42ecd1ed9bb47bc8a3c294e44ddb) Importer(815301076,1909f56bfc062723c751e8b465ee728b)
Start importing Assets/Imajlar/top.png using Guid(571a42ecd1ed9bb47bc8a3c294e44ddb) Importer(815301076,1909f56bfc062723c751e8b465ee728b)  -> (artifact id: '3f78a9eb3fb82fb3e26ac973c91b1e5b') in 0.021187 seconds 
  Import took 0.025873 seconds .

========================================================================
Received Import Request.
  Time since last request: 6.716062 seconds.
  path: Assets/Imajlar/arkaplan1.jpg
  artifactKey: Guid(38c07c289003bb241a8491ba5cef4e8b) Importer(815301076,1909f56bfc062723c751e8b465ee728b)
Start importing Assets/Imajlar/arkaplan1.jpg using Guid(38c07c289003bb241a8491ba5cef4e8b) Importer(815301076,1909f56bfc062723c751e8b465ee728b)  -> (artifact id: 'a158aaabec3c81076cc0fff2a3844ce8') in 0.019946 seconds 
  Import took 0.025145 seconds .

========================================================================
Received Import Request.
  Time since last request: 41.555014 seconds.
  path: Assets/Sahneler/Bolum1.unity
  artifactKey: Guid(14e2eaf339b0f0e4a84471405932851b) Importer(815301076,1909f56bfc062723c751e8b465ee728b)
Start importing Assets/Sahneler/Bolum1.unity using Guid(14e2eaf339b0f0e4a84471405932851b) Importer(815301076,1909f56bfc062723c751e8b465ee728b)  -> (artifact id: 'd6e8b16934bb0e1b4f3d64e1d96ea8a0') in 0.010111 seconds 
  Import took 0.014438 seconds .

========================================================================
Received Import Request.
  Time since last request: 5.211605 seconds.
  path: Assets/Sahneler/Bolum1 1.unity
  artifactKey: Guid(63b0be77f2ff2c24fa2489b2f7b4a669) Importer(815301076,1909f56bfc062723c751e8b465ee728b)
Start importing Assets/Sahneler/Bolum1 1.unity using Guid(63b0be77f2ff2c24fa2489b2f7b4a669) Importer(815301076,1909f56bfc062723c751e8b465ee728b)  -> (artifact id: 'd327ff9e66d470e7bf51134db6cdf02e') in 0.011079 seconds 
  Import took 0.015761 seconds .

========================================================================
Received Import Request.
  Time since last request: 11.977367 seconds.
  path: Assets/Sahneler/Kaybettiniz.unity
  artifactKey: Guid(63b0be77f2ff2c24fa2489b2f7b4a669) Importer(815301076,1909f56bfc062723c751e8b465ee728b)
Start importing Assets/Sahneler/Kaybettiniz.unity using Guid(63b0be77f2ff2c24fa2489b2f7b4a669) Importer(815301076,1909f56bfc062723c751e8b465ee728b)  -> (artifact id: 'c79ec8f38e54b5873087e50f907ea760') in 0.011087 seconds 
  Import took 0.015925 seconds .

========================================================================
Received Import Request.
  Time since last request: 126.870653 seconds.
  path: Assets/Fonts/trs-million rg.ttf
  artifactKey: Guid(0f8d7f94f0e156345ab761053d9e7fb1) Importer(815301076,1909f56bfc062723c751e8b465ee728b)
Start importing Assets/Fonts/trs-million rg.ttf using Guid(0f8d7f94f0e156345ab761053d9e7fb1) Importer(815301076,1909f56bfc062723c751e8b465ee728b)  -> (artifact id: 'dc1974f68633595ecdb1871092387636') in 0.091811 seconds 
  Import took 0.096667 seconds .

========================================================================
Received Import Request.
  Time since last request: 290.713932 seconds.
  path: Assets/Sahneler/Kaybettiniz 1.unity
  artifactKey: Guid(3c3505157bf9a9946a38f499c97a8e89) Importer(815301076,1909f56bfc062723c751e8b465ee728b)
Start importing Assets/Sahneler/Kaybettiniz 1.unity using Guid(3c3505157bf9a9946a38f499c97a8e89) Importer(815301076,1909f56bfc062723c751e8b465ee728b)  -> (artifact id: 'd3b7fbe9576cf16b95da4d2a21c25c97') in 0.009610 seconds 
  Import took 0.014270 seconds .

========================================================================
Received Import Request.
  Time since last request: 9.054679 seconds.
  path: Assets/Sahneler/Kazandiniz.unity
  artifactKey: Guid(63b0be77f2ff2c24fa2489b2f7b4a669) Importer(815301076,1909f56bfc062723c751e8b465ee728b)
Start importing Assets/Sahneler/Kazandiniz.unity using Guid(63b0be77f2ff2c24fa2489b2f7b4a669) Importer(815301076,1909f56bfc062723c751e8b465ee728b)  -> (artifact id: '49f40e43de9eb3d6146bd47e83652865') in 0.009779 seconds 
  Import took 0.014991 seconds .

========================================================================
Received Import Request.
  Time since last request: 16.126375 seconds.
  path: Assets/Sahneler/Giris1.unity
  artifactKey: Guid(97a86e6ddd5455943bba032a8a3d395f) Importer(815301076,1909f56bfc062723c751e8b465ee728b)
Start importing Assets/Sahneler/Giris1.unity using Guid(97a86e6ddd5455943bba032a8a3d395f) Importer(815301076,1909f56bfc062723c751e8b465ee728b)  -> (artifact id: '980fcc10e6a0ce958e39acfb23ddb36c') in 0.003907 seconds 
  Import took 0.007857 seconds .

========================================================================
Received Import Request.
  Time since last request: 1.150311 seconds.
  path: Assets/Sahneler/Bolum1.unity
  artifactKey: Guid(14e2eaf339b0f0e4a84471405932851b) Importer(815301076,1909f56bfc062723c751e8b465ee728b)
Start importing Assets/Sahneler/Bolum1.unity using Guid(14e2eaf339b0f0e4a84471405932851b) Importer(815301076,1909f56bfc062723c751e8b465ee728b)  -> (artifact id: '4cc72d0e1b7cbd352ad38b8347803359') in 0.004267 seconds 
  Import took 0.008649 seconds .

========================================================================
Received Import Request.
  Time since last request: 14.213655 seconds.
  path: Assets/Sahneler/Bolum.unity
  artifactKey: Guid(3c3505157bf9a9946a38f499c97a8e89) Importer(815301076,1909f56bfc062723c751e8b465ee728b)
Start importing Assets/Sahneler/Bolum.unity using Guid(3c3505157bf9a9946a38f499c97a8e89) Importer(815301076,1909f56bfc062723c751e8b465ee728b)  -> (artifact id: 'c416d24c9c3462d77cd165a150fb7e55') in 0.008943 seconds 
  Import took 0.013385 seconds .

========================================================================
Received Import Request.
  Time since last request: 6.699925 seconds.
  path: Assets/Sahneler/Kaybettiniz 1.unity
  artifactKey: Guid(14e2eaf339b0f0e4a84471405932851b) Importer(815301076,1909f56bfc062723c751e8b465ee728b)
Start importing Assets/Sahneler/Kaybettiniz 1.unity using Guid(14e2eaf339b0f0e4a84471405932851b) Importer(815301076,1909f56bfc062723c751e8b465ee728b)  -> (artifact id: '3721d0c8bbd2b59c847a59328a08d1a8') in 0.005358 seconds 
  Import took 0.009364 seconds .

========================================================================
Received Import Request.
  Time since last request: 2.435940 seconds.
  path: Assets/Sahneler/Kaybettiniz 2.unity
  artifactKey: Guid(fca3e9470b6497345bc59497e68c49f7) Importer(815301076,1909f56bfc062723c751e8b465ee728b)
Start importing Assets/Sahneler/Kaybettiniz 2.unity using Guid(fca3e9470b6497345bc59497e68c49f7) Importer(815301076,1909f56bfc062723c751e8b465ee728b)  -> (artifact id: '89da60cb14eeeb9db3ded2c861132809') in 0.011278 seconds 
  Import took 0.016004 seconds .

========================================================================
Received Import Request.
  Time since last request: 16.850247 seconds.
  path: Assets/Sahneler/Kazandiniz.unity
  artifactKey: Guid(fca3e9470b6497345bc59497e68c49f7) Importer(815301076,1909f56bfc062723c751e8b465ee728b)
Start importing Assets/Sahneler/Kazandiniz.unity using Guid(fca3e9470b6497345bc59497e68c49f7) Importer(815301076,1909f56bfc062723c751e8b465ee728b)  -> (artifact id: '80886b09c6dd2b99e5162d0f97743574') in 0.005699 seconds 
  Import took 0.010084 seconds .

========================================================================
Received Import Request.
  Time since last request: 137.507263 seconds.
  path: Assets/Sahneler/Kazandiniz.unity
  artifactKey: Guid(fca3e9470b6497345bc59497e68c49f7) Importer(815301076,1909f56bfc062723c751e8b465ee728b)
Start importing Assets/Sahneler/Kazandiniz.unity using Guid(fca3e9470b6497345bc59497e68c49f7) Importer(815301076,1909f56bfc062723c751e8b465ee728b)  -> (artifact id: '4e8ee8c09adb2331c477513685e2d47c') in 0.004036 seconds 
  Import took 0.009088 seconds .

========================================================================
Received Import Request.
  Time since last request: 9.116291 seconds.
  path: Assets/Sahneler/AnaSahne.unity
  artifactKey: Guid(97a86e6ddd5455943bba032a8a3d395f) Importer(815301076,1909f56bfc062723c751e8b465ee728b)
Start importing Assets/Sahneler/AnaSahne.unity using Guid(97a86e6ddd5455943bba032a8a3d395f) Importer(815301076,1909f56bfc062723c751e8b465ee728b)  -> (artifact id: '47f909d6d1eae76b62c9c41f3913829c') in 0.010488 seconds 
  Import took 0.014543 seconds .

========================================================================
Received Import Request.
  Time since last request: 776.030174 seconds.
  path: Assets/Sahneler/Kaybettiniz 1.unity
  artifactKey: Guid(14e2eaf339b0f0e4a84471405932851b) Importer(815301076,1909f56bfc062723c751e8b465ee728b)
Start importing Assets/Sahneler/Kaybettiniz 1.unity using Guid(14e2eaf339b0f0e4a84471405932851b) Importer(815301076,1909f56bfc062723c751e8b465ee728b)  -> (artifact id: '856c2479df8c1ef3c07b5f80f178e9cc') in 0.010358 seconds 
  Import took 0.014563 seconds .

========================================================================
Received Import Request.
  Time since last request: 2.763512 seconds.
  path: Assets/Sahneler/AnaSahne.unity
  artifactKey: Guid(97a86e6ddd5455943bba032a8a3d395f) Importer(815301076,1909f56bfc062723c751e8b465ee728b)
Start importing Assets/Sahneler/AnaSahne.unity using Guid(97a86e6ddd5455943bba032a8a3d395f) Importer(815301076,1909f56bfc062723c751e8b465ee728b)  -> (artifact id: '9d5cd68b6490de8de46bdbca49a18b4b') in 0.009159 seconds 
  Import took 0.015565 seconds .

========================================================================
Received Import Request.
  Time since last request: 381.293480 seconds.
  path: Assets/Sahneler/Kazandiniz.unity
  artifactKey: Guid(fca3e9470b6497345bc59497e68c49f7) Importer(815301076,1909f56bfc062723c751e8b465ee728b)
Start importing Assets/Sahneler/Kazandiniz.unity using Guid(fca3e9470b6497345bc59497e68c49f7) Importer(815301076,1909f56bfc062723c751e8b465ee728b)  -> (artifact id: 'a21e2632718c61bb7ca9a697463859bf') in 0.004496 seconds 
  Import took 0.009592 seconds .

========================================================================
Received Import Request.
  Time since last request: 11.112915 seconds.
  path: Assets/Sahneler/Bolum1.unity
  artifactKey: Guid(5a71635175cee0a41bfb0efe02b3e56a) Importer(815301076,1909f56bfc062723c751e8b465ee728b)
Start importing Assets/Sahneler/Bolum1.unity using Guid(5a71635175cee0a41bfb0efe02b3e56a) Importer(815301076,1909f56bfc062723c751e8b465ee728b)  -> (artifact id: '1aac09a029343a8b4f05ee500e4a0ceb') in 0.004871 seconds 
  Import took 0.009975 seconds .

========================================================================
Received Import Request.
  Time since last request: 439.348078 seconds.
  path: Assets/Imajlar/tugla.psd
  artifactKey: Guid(4b8816abf4ec6f74aae0377692972087) Importer(815301076,1909f56bfc062723c751e8b465ee728b)
Start importing Assets/Imajlar/tugla.psd using Guid(4b8816abf4ec6f74aae0377692972087) Importer(815301076,1909f56bfc062723c751e8b465ee728b)  -> (artifact id: '8eeda9e4b230b06dc19450c2b5e3da75') in 0.027744 seconds 
  Import took 0.032998 seconds .

========================================================================
Received Import Request.
  Time since last request: 28.178299 seconds.
  path: Assets/Imajlar/tugla.psd
  artifactKey: Guid(4b8816abf4ec6f74aae0377692972087) Importer(815301076,1909f56bfc062723c751e8b465ee728b)
Start importing Assets/Imajlar/tugla.psd using Guid(4b8816abf4ec6f74aae0377692972087) Importer(815301076,1909f56bfc062723c751e8b465ee728b)  -> (artifact id: '915c580b223cf4dd155ba32dcd51ee2d') in 0.025721 seconds 
  Import took 0.030024 seconds .

========================================================================
Received Import Request.
  Time since last request: 162.961422 seconds.
  path: Assets/Imajlar/tugla.psd
  artifactKey: Guid(4b8816abf4ec6f74aae0377692972087) Importer(815301076,1909f56bfc062723c751e8b465ee728b)
Start importing Assets/Imajlar/tugla.psd using Guid(4b8816abf4ec6f74aae0377692972087) Importer(815301076,1909f56bfc062723c751e8b465ee728b)  -> (artifact id: 'fc0d3af6f4f42d0b7ee932db32082ce0') in 0.026696 seconds 
  Import took 0.030999 seconds .

AssetImportWorkerClient::OnTransportError - code=2 error=End of file
